0 info it worked if it ends with ok
1 verbose cli [ 'D:\\NodeJs\\node.exe',
1 verbose cli   'D:\\NodeJs\\node_modules\\npm\\bin\\npm-cli.js',
1 verbose cli   'start' ]
2 info using npm@3.10.8
3 info using node@v6.9.1
4 verbose run-script [ 'prestart', 'start', 'poststart' ]
5 info lifecycle resume@0.0.0~prestart: resume@0.0.0
6 silly lifecycle resume@0.0.0~prestart: no script for prestart, continuing
7 info lifecycle resume@0.0.0~start: resume@0.0.0
8 verbose lifecycle resume@0.0.0~start: unsafe-perm in lifecycle true
9 verbose lifecycle resume@0.0.0~start: PATH: D:\NodeJs\node_modules\npm\bin\node-gyp-bin;F:\study\Resume\node_modules\.bin;C:\Windows\system32;C:\Windows;C:\Windows\System32\Wbem;C:\Windows\System32\WindowsPowerShell\v1.0\;C:\Program Files (x86)\ATI Technologies\ATI.ACE\Core-Static;D:\NodeJs\;C:\Program Files (x86)\Git\bin;C:\Program Files (x86)\Git\cmd;D:\python27;D:\heroku\bin;C:\Program Files (x86)\MySQL\MySQL Server 5.0\bin;C:\Users\Administrator\AppData\Roaming\npm;D:\heroku\bin
10 verbose lifecycle resume@0.0.0~start: CWD: F:\study\Resume
11 silly lifecycle resume@0.0.0~start: Args: [ '/d /s /c', 'node ./bin/www' ]
12 verbose stack Error: kill ENOSYS
12 verbose stack     at exports._errnoException (util.js:1026:11)
12 verbose stack     at process.kill (internal/process.js:172:13)
12 verbose stack     at process.listener (D:\NodeJs\node_modules\npm\node_modules\npmlog\node_modules\gauge\node_modules\signal-exit\index.js:86:15)
12 verbose stack     at emitNone (events.js:91:20)
12 verbose stack     at process.emit (events.js:185:7)
12 verbose stack     at processEmit (D:\NodeJs\node_modules\npm\node_modules\npmlog\node_modules\gauge\node_modules\signal-exit\index.js:146:32)
12 verbose stack     at processEmit (D:\NodeJs\node_modules\npm\node_modules\npm-registry-client\node_modules\npmlog\node_modules\gauge\node_modules\signal-exit\index.js:146:32)
12 verbose stack     at Signal.wrap.onsignal (internal/process.js:199:44)
13 verbose cwd F:\study\Resume
14 error Windows_NT 6.1.7601
15 error argv "D:\\NodeJs\\node.exe" "D:\\NodeJs\\node_modules\\npm\\bin\\npm-cli.js" "start"
16 error node v6.9.1
17 error npm  v3.10.8
18 error code ENOSYS
19 error errno ENOSYS
20 error syscall kill
21 error kill ENOSYS
22 error If you need help, you may report this error at:
22 error     <https://github.com/npm/npm/issues>
23 verbose exit [ 1, true ]
